[0.014s] Invoking command in '/home/omer/Desktop/deneme_ws/build/sbus': CMAKE_PREFIX_PATH=/opt/ros/humble /usr/bin/cmake --build /home/omer/Desktop/deneme_ws/build/sbus -- -j8 -l8
[0.368s] -- Found ament_cmake: 1.3.2 (/opt/ros/humble/share/ament_cmake/cmake)
[1.284s] -- Found rclcpp: 16.0.1 (/opt/ros/humble/share/rclcpp/cmake)
[1.758s] -- Found rosidl_generator_c: 3.1.3 (/opt/ros/humble/share/rosidl_generator_c/cmake)
[1.797s] -- Found rosidl_adapter: 3.1.3 (/opt/ros/humble/share/rosidl_adapter/cmake)
[1.853s] -- Found rosidl_generator_cpp: 3.1.3 (/opt/ros/humble/share/rosidl_generator_cpp/cmake)
[1.924s] -- Using all available rosidl_typesupport_c: rosidl_typesupport_fastrtps_c;rosidl_typesupport_introspection_c
[1.986s] -- Using all available rosidl_typesupport_cpp: rosidl_typesupport_fastrtps_cpp;rosidl_typesupport_introspection_cpp
[2.120s] -- Found rmw_implementation_cmake: 6.1.0 (/opt/ros/humble/share/rmw_implementation_cmake/cmake)
[2.145s] -- Found rmw_fastrtps_cpp: 6.2.1 (/opt/ros/humble/share/rmw_fastrtps_cpp/cmake)
[2.467s] -- Using RMW implementation 'rmw_fastrtps_cpp' as default
[2.747s] -- Found sensor_msgs: 4.2.2 (/opt/ros/humble/share/sensor_msgs/cmake)
[3.260s] -- Configuring done
[3.452s] -- Generating done
[3.459s] -- Build files have been written to: /home/omer/Desktop/deneme_ws/build/sbus
[3.534s] [35m[1mConsolidate compiler generated dependencies of target sbus_node[0m
[3.554s] [ 50%] [32mBuilding CXX object CMakeFiles/sbus_node.dir/src/sbus.cpp.o[0m
[3.633s] [01m[K/home/omer/Desktop/deneme_ws/src/sbus/src/sbus.cpp:1:10:[m[K [01;31m[Kfatal error: [m[Ksbus.h: No such file or directory
[3.634s]     1 | #include [01;31m[K"sbus.h"[m[K
[3.634s]       |          [01;31m[K^~~~~~~~[m[K
[3.634s] compilation terminated.
[3.639s] gmake[2]: *** [CMakeFiles/sbus_node.dir/build.make:76: CMakeFiles/sbus_node.dir/src/sbus.cpp.o] Error 1
[3.640s] gmake[1]: *** [CMakeFiles/Makefile2:137: CMakeFiles/sbus_node.dir/all] Error 2
[3.640s] gmake: *** [Makefile:146: all] Error 2
[3.643s] Invoked command in '/home/omer/Desktop/deneme_ws/build/sbus' returned '2': CMAKE_PREFIX_PATH=/opt/ros/humble /usr/bin/cmake --build /home/omer/Desktop/deneme_ws/build/sbus -- -j8 -l8
