-- Found ament_cmake: 1.3.2 (/opt/ros/humble/share/ament_cmake/cmake)
-- Found rclcpp: 16.0.1 (/opt/ros/humble/share/rclcpp/cmake)
-- Found rosidl_generator_c: 3.1.3 (/opt/ros/humble/share/rosidl_generator_c/cmake)
-- Found rosidl_adapter: 3.1.3 (/opt/ros/humble/share/rosidl_adapter/cmake)
-- Found rosidl_generator_cpp: 3.1.3 (/opt/ros/humble/share/rosidl_generator_cpp/cmake)
-- Using all available rosidl_typesupport_c: rosidl_typesupport_fastrtps_c;rosidl_typesupport_introspection_c
-- Using all available rosidl_typesupport_cpp: rosidl_typesupport_fastrtps_cpp;rosidl_typesupport_introspection_cpp
-- Found rmw_implementation_cmake: 6.1.0 (/opt/ros/humble/share/rmw_implementation_cmake/cmake)
-- Found rmw_fastrtps_cpp: 6.2.1 (/opt/ros/humble/share/rmw_fastrtps_cpp/cmake)
-- Found OpenSSL: /usr/lib/x86_64-linux-gnu/libcrypto.so (found version "3.0.2")  
-- Found FastRTPS: /opt/ros/humble/include  
-- Using RMW implementation 'rmw_fastrtps_cpp' as default
-- Found sensor_msgs: 4.2.2 (/opt/ros/humble/share/sensor_msgs/cmake)
-- Configuring done
-- Generating done
-- Build files have been written to: /home/omer/Desktop/deneme_ws/build/sbus
[ 50%] [32mBuilding CXX object CMakeFiles/sbus_node.dir/src/sbus_node.cpp.o[0m
[100%] [32m[1mLinking CXX executable sbus_node[0m
/usr/bin/ld: CMakeFiles/sbus_node.dir/src/sbus_node.cpp.o: in function `sbus::sbus()':
sbus_node.cpp:(.text._ZN4sbusC2Ev[_ZN4sbusC5Ev]+0x11f): undefined reference to `SBusSerialPort::connectSerialPort()'
/usr/bin/ld: CMakeFiles/sbus_node.dir/src/sbus_node.cpp.o: in function `sbus::callBack(std::shared_ptr<sensor_msgs::msg::Joy_<std::allocator<void> > >)':
sbus_node.cpp:(.text._ZN4sbus8callBackESt10shared_ptrIN11sensor_msgs3msg4Joy_ISaIvEEEE[_ZN4sbus8callBackESt10shared_ptrIN11sensor_msgs3msg4Joy_ISaIvEEEE]+0x323): undefined reference to `SBusSerialPort::transmitSerialSBusMessage() const'
collect2: error: ld returned 1 exit status
gmake[2]: *** [CMakeFiles/sbus_node.dir/build.make:175: sbus_node] Error 1
gmake[1]: *** [CMakeFiles/Makefile2:137: CMakeFiles/sbus_node.dir/all] Error 2
gmake: *** [Makefile:146: all] Error 2
