In file included from [01m[K/home/omer/Desktop/deneme_ws/src/sbus/src/deneme.cpp:1[m[K:
[01m[K/home/omer/Desktop/deneme_ws/src/sbus/src/sbus/sbus.h:28:5:[m[K [01;31m[Kerror: [m[Knon-static data member â€˜[01m[KkSbusFrameLength_[m[Kâ€™ declared â€˜[01m[Kconstexpr[m[Kâ€™
   28 |     [01;31m[Kconstexpr[m[K int kSbusFrameLength_ = 25;
      |     [01;31m[K^~~~~~~~~[m[K
[01m[K/home/omer/Desktop/deneme_ws/src/sbus/src/sbus/sbus.h:29:5:[m[K [01;31m[Kerror: [m[Knon-static data member â€˜[01m[KkSbusHeaderByte_[m[Kâ€™ declared â€˜[01m[Kconstexpr[m[Kâ€™
   29 |     [01;31m[Kconstexpr[m[K uint8_t kSbusHeaderByte_ = 0x0F;
      |     [01;31m[K^~~~~~~~~[m[K
[01m[K/home/omer/Desktop/deneme_ws/src/sbus/src/sbus/sbus.h:30:5:[m[K [01;31m[Kerror: [m[Knon-static data member â€˜[01m[KkSbusFooterByte_[m[Kâ€™ declared â€˜[01m[Kconstexpr[m[Kâ€™
   30 |     [01;31m[Kconstexpr[m[K uint8_t kSbusFooterByte_ = 0x00;
      |     [01;31m[K^~~~~~~~~[m[K
[01m[K/home/omer/Desktop/deneme_ws/src/sbus/src/sbus/sbus.h:31:5:[m[K [01;31m[Kerror: [m[Knon-static data member â€˜[01m[KkPollTimeoutMilliSeconds_[m[Kâ€™ declared â€˜[01m[Kconstexpr[m[Kâ€™
   31 |     [01;31m[Kconstexpr[m[K int kPollTimeoutMilliSeconds_ = 500;
      |     [01;31m[K^~~~~~~~~[m[K
gmake[2]: *** [CMakeFiles/sbus_node.dir/build.make:76: CMakeFiles/sbus_node.dir/src/deneme.cpp.o] Error 1
gmake[1]: *** [CMakeFiles/Makefile2:137: CMakeFiles/sbus_node.dir/all] Error 2
gmake: *** [Makefile:146: all] Error 2
