-- Found ament_cmake: 1.3.2 (/opt/ros/humble/share/ament_cmake/cmake)
-- Found rclcpp: 16.0.1 (/opt/ros/humble/share/rclcpp/cmake)
-- Found rosidl_generator_c: 3.1.3 (/opt/ros/humble/share/rosidl_generator_c/cmake)
-- Found rosidl_adapter: 3.1.3 (/opt/ros/humble/share/rosidl_adapter/cmake)
-- Found rosidl_generator_cpp: 3.1.3 (/opt/ros/humble/share/rosidl_generator_cpp/cmake)
-- Using all available rosidl_typesupport_c: rosidl_typesupport_fastrtps_c;rosidl_typesupport_introspection_c
-- Using all available rosidl_typesupport_cpp: rosidl_typesupport_fastrtps_cpp;rosidl_typesupport_introspection_cpp
-- Found rmw_implementation_cmake: 6.1.0 (/opt/ros/humble/share/rmw_implementation_cmake/cmake)
-- Found rmw_fastrtps_cpp: 6.2.1 (/opt/ros/humble/share/rmw_fastrtps_cpp/cmake)
-- Using RMW implementation 'rmw_fastrtps_cpp' as default
-- Found sensor_msgs: 4.2.2 (/opt/ros/humble/share/sensor_msgs/cmake)
-- Configuring done
-- Generating done
-- Build files have been written to: /home/omer/Desktop/deneme_ws/build/sbus
[35m[1mConsolidate compiler generated dependencies of target sbus_node[0m
[ 50%] [32mBuilding CXX object CMakeFiles/sbus_node.dir/src/sbus_node.cpp.o[0m
[100%] [32m[1mLinking CXX executable sbus_node[0m
/usr/bin/ld: CMakeFiles/sbus_node.dir/src/sbus_node.cpp.o: in function `main':
sbus_node.cpp:(.text+0xa0): undefined reference to `SBUS::SBusSerialPort::connectSerialPort()'
/usr/bin/ld: CMakeFiles/sbus_node.dir/src/sbus_node.cpp.o: in function `SBUS::sbus_node::sendSbusMsg()':
sbus_node.cpp:(.text._ZN4SBUS9sbus_node11sendSbusMsgEv[_ZN4SBUS9sbus_node11sendSbusMsgEv]+0x4a): undefined reference to `SBUS::SBusSerialPort::transmitSerialSBusMessage(int*) const'
collect2: error: ld returned 1 exit status
gmake[2]: *** [CMakeFiles/sbus_node.dir/build.make:175: sbus_node] Error 1
gmake[1]: *** [CMakeFiles/Makefile2:137: CMakeFiles/sbus_node.dir/all] Error 2
gmake: *** [Makefile:146: all] Error 2
