[0.195s] Invoking command in '/home/omer/Desktop/deneme_ws/build/sbus': CMAKE_PREFIX_PATH=${CMAKE_PREFIX_PATH}:/opt/ros/humble /usr/bin/cmake --build /home/omer/Desktop/deneme_ws/build/sbus -- -j8 -l8
[1.558s] -- Found ament_cmake: 1.3.2 (/opt/ros/humble/share/ament_cmake/cmake)
[2.083s] -- Found rclcpp: 16.0.1 (/opt/ros/humble/share/rclcpp/cmake)
[2.495s] -- Found rosidl_generator_c: 3.1.3 (/opt/ros/humble/share/rosidl_generator_c/cmake)
[2.517s] -- Found rosidl_adapter: 3.1.3 (/opt/ros/humble/share/rosidl_adapter/cmake)
[2.554s] -- Found rosidl_generator_cpp: 3.1.3 (/opt/ros/humble/share/rosidl_generator_cpp/cmake)
[2.623s] -- Using all available rosidl_typesupport_c: rosidl_typesupport_fastrtps_c;rosidl_typesupport_introspection_c
[2.690s] -- Using all available rosidl_typesupport_cpp: rosidl_typesupport_fastrtps_cpp;rosidl_typesupport_introspection_cpp
[2.833s] -- Found rmw_implementation_cmake: 6.1.0 (/opt/ros/humble/share/rmw_implementation_cmake/cmake)
[2.853s] -- Found rmw_fastrtps_cpp: 6.2.1 (/opt/ros/humble/share/rmw_fastrtps_cpp/cmake)
[3.359s] -- Using RMW implementation 'rmw_fastrtps_cpp' as default
[3.807s] -- Found sensor_msgs: 4.2.2 (/opt/ros/humble/share/sensor_msgs/cmake)
[4.215s] -- Configuring done
[4.414s] -- Generating done
[4.421s] -- Build files have been written to: /home/omer/Desktop/deneme_ws/build/sbus
[4.581s] [35m[1mConsolidate compiler generated dependencies of target sbus_node[0m
[4.595s] [ 50%] [32mBuilding CXX object CMakeFiles/sbus_node.dir/src/sbus_node.cpp.o[0m
[15.336s] [100%] [32m[1mLinking CXX executable sbus_node[0m
[17.273s] /usr/bin/ld: CMakeFiles/sbus_node.dir/src/sbus_node.cpp.o: in function `main':
[17.273s] sbus_node.cpp:(.text+0xa0): undefined reference to `SBUS::SBusSerialPort::connectSerialPort()'
[17.275s] /usr/bin/ld: CMakeFiles/sbus_node.dir/src/sbus_node.cpp.o: in function `SBUS::sbus_node::sendSbusMsg()':
[17.275s] sbus_node.cpp:(.text._ZN4SBUS9sbus_node11sendSbusMsgEv[_ZN4SBUS9sbus_node11sendSbusMsgEv]+0x4a): undefined reference to `SBUS::SBusSerialPort::transmitSerialSBusMessage(int*) const'
[17.317s] collect2: error: ld returned 1 exit status
[17.319s] gmake[2]: *** [CMakeFiles/sbus_node.dir/build.make:175: sbus_node] Error 1
[17.319s] gmake[1]: *** [CMakeFiles/Makefile2:137: CMakeFiles/sbus_node.dir/all] Error 2
[17.319s] gmake: *** [Makefile:146: all] Error 2
[17.321s] Invoked command in '/home/omer/Desktop/deneme_ws/build/sbus' returned '2': CMAKE_PREFIX_PATH=${CMAKE_PREFIX_PATH}:/opt/ros/humble /usr/bin/cmake --build /home/omer/Desktop/deneme_ws/build/sbus -- -j8 -l8
