[0.119s] Invoking command in '/home/omer/Desktop/deneme_ws/build/sbus': CMAKE_PREFIX_PATH=/opt/ros/humble /usr/bin/cmake --build /home/omer/Desktop/deneme_ws/build/sbus -- -j8 -l8
[0.596s] [35m[1mConsolidate compiler generated dependencies of target sbus_node[0m
[0.630s] [ 50%] [32mBuilding CXX object CMakeFiles/sbus_node.dir/src/sbus.cpp.o[0m
[5.987s] [01m[K/home/omer/Desktop/deneme_ws/src/sbus/src/sbus.cpp:[m[K In member function â€˜[01m[Kvoid sbus_node::callBack(sensor_msgs::msg::Joy_<std::allocator<void> >::SharedPtr)[m[Kâ€™:
[5.987s] [01m[K/home/omer/Desktop/deneme_ws/src/sbus/src/sbus.cpp:190:22:[m[K [01;31m[Kerror: [m[Kâ€˜[01m[Kchrono[m[Kâ€™ has not been declared
[5.987s]   190 |         auto start = [01;31m[Kchrono[m[K::steady_clock::Now();
[5.987s]       |                      [01;31m[K^~~~~~[m[K
[5.988s] [01m[K/home/omer/Desktop/deneme_ws/src/sbus/src/sbus.cpp:219:20:[m[K [01;31m[Kerror: [m[Kâ€˜[01m[Kchrono[m[Kâ€™ has not been declared
[5.988s]   219 |         auto end = [01;31m[Kchrono[m[K::steady_clock::Now();
[5.989s]       |                    [01;31m[K^~~~~~[m[K
[5.989s] In file included from [01m[K/opt/ros/humble/include/rclcpp/rclcpp/logging.hpp:24[m[K,
[5.989s]                  from [01m[K/opt/ros/humble/include/rclcpp/rclcpp/client.hpp:40[m[K,
[5.989s]                  from [01m[K/opt/ros/humble/include/rclcpp/rclcpp/callback_group.hpp:23[m[K,
[5.989s]                  from [01m[K/opt/ros/humble/include/rclcpp/rclcpp/any_executable.hpp:20[m[K,
[5.989s]                  from [01m[K/opt/ros/humble/include/rclcpp/rclcpp/memory_strategy.hpp:25[m[K,
[5.990s]                  from [01m[K/opt/ros/humble/include/rclcpp/rclcpp/memory_strategies.hpp:18[m[K,
[5.990s]                  from [01m[K/opt/ros/humble/include/rclcpp/rclcpp/executor_options.hpp:20[m[K,
[5.990s]                  from [01m[K/opt/ros/humble/include/rclcpp/rclcpp/executor.hpp:37[m[K,
[5.990s]                  from [01m[K/opt/ros/humble/include/rclcpp/rclcpp/executors/multi_threaded_executor.hpp:25[m[K,
[5.990s]                  from [01m[K/opt/ros/humble/include/rclcpp/rclcpp/executors.hpp:21[m[K,
[5.990s]                  from [01m[K/opt/ros/humble/include/rclcpp/rclcpp/rclcpp.hpp:155[m[K,
[5.991s]                  from [01m[K/home/omer/Desktop/deneme_ws/src/sbus/src/sbus.cpp:1[m[K:
[5.991s] [01m[K/home/omer/Desktop/deneme_ws/src/sbus/src/sbus.cpp:221:65:[m[K [01;31m[Kerror: [m[Kâ€˜[01m[Kchrono[m[Kâ€™ has not been declared
[5.991s]   221 |         RCLCPP_INFO(this->get_logger(),"Elapsed time in %d Âµs", [01;31m[Kchrono[m[K::duration_cast<chrono::microseconds>(end - start).count())
[5.991s]       |                                                                 [01;31m[K^~~~~~[m[K
[5.991s] [01m[K/home/omer/Desktop/deneme_ws/src/sbus/src/sbus.cpp:221:87:[m[K [01;31m[Kerror: [m[Kâ€˜[01m[Kchrono[m[Kâ€™ has not been declared
[5.991s]   221 |   RCLCPP_INFO(this->get_logger(),"Elapsed time in %d Âµs", chrono::duration_cast<[01;31m[Kchrono[m[K::microseconds>(end - start).count())
[5.992s]       |                                                                                 [01;31m[K^~~~~~[m[K
[5.992s] 
[5.992s] [01m[K/home/omer/Desktop/deneme_ws/src/sbus/src/sbus.cpp:222:5:[m[K [01;31m[Kerror: [m[Kexpected â€˜[01m[K;[m[Kâ€™ before â€˜[01m[K}[m[Kâ€™ token
[5.992s]   222 |     [01;31m[K}[m[K
[5.992s]       |     [01;31m[K^[m[K
[10.543s] gmake[2]: *** [CMakeFiles/sbus_node.dir/build.make:76: CMakeFiles/sbus_node.dir/src/sbus.cpp.o] Error 1
[10.543s] gmake[1]: *** [CMakeFiles/Makefile2:137: CMakeFiles/sbus_node.dir/all] Error 2
[10.543s] gmake: *** [Makefile:146: all] Error 2
[10.546s] Invoked command in '/home/omer/Desktop/deneme_ws/build/sbus' returned '2': CMAKE_PREFIX_PATH=/opt/ros/humble /usr/bin/cmake --build /home/omer/Desktop/deneme_ws/build/sbus -- -j8 -l8
