[0.012s] Invoking command in '/home/omer/Desktop/deneme_ws/build/sbus': CMAKE_PREFIX_PATH=/opt/ros/humble /usr/bin/cmake --build /home/omer/Desktop/deneme_ws/build/sbus -- -j8 -l8
[0.063s] [35m[1mConsolidate compiler generated dependencies of target sbus_node[0m
[0.084s] [ 50%] [32mBuilding CXX object CMakeFiles/sbus_node.dir/src/sbus.cpp.o[0m
[2.650s] [01m[K/home/omer/Desktop/deneme_ws/src/sbus/src/sbus.cpp:[m[K In constructor â€˜[01m[Ksbus_node::sbus_node()[m[Kâ€™:
[2.650s] [01m[K/home/omer/Desktop/deneme_ws/src/sbus/src/sbus.cpp:185:20:[m[K [01;31m[Kerror: [m[Kreturning a value from a constructor
[2.650s]   185 |             return [01;31m[K-1[m[K;
[2.650s]       |                    [01;31m[K^~[m[K
[5.512s] gmake[2]: *** [CMakeFiles/sbus_node.dir/build.make:76: CMakeFiles/sbus_node.dir/src/sbus.cpp.o] Error 1
[5.512s] gmake[1]: *** [CMakeFiles/Makefile2:137: CMakeFiles/sbus_node.dir/all] Error 2
[5.512s] gmake: *** [Makefile:146: all] Error 2
[5.514s] Invoked command in '/home/omer/Desktop/deneme_ws/build/sbus' returned '2': CMAKE_PREFIX_PATH=/opt/ros/humble /usr/bin/cmake --build /home/omer/Desktop/deneme_ws/build/sbus -- -j8 -l8
