[0.013s] Invoking command in '/home/omer/Desktop/deneme_ws/build/sbus': CMAKE_PREFIX_PATH=${CMAKE_PREFIX_PATH}:/opt/ros/humble /usr/bin/cmake --build /home/omer/Desktop/deneme_ws/build/sbus -- -j8 -l8
[0.032s] -- Found ament_cmake: 1.3.2 (/opt/ros/humble/share/ament_cmake/cmake)
[0.162s] -- Found rclcpp: 16.0.1 (/opt/ros/humble/share/rclcpp/cmake)
[0.191s] -- Found rosidl_generator_c: 3.1.3 (/opt/ros/humble/share/rosidl_generator_c/cmake)
[0.194s] -- Found rosidl_adapter: 3.1.3 (/opt/ros/humble/share/rosidl_adapter/cmake)
[0.199s] -- Found rosidl_generator_cpp: 3.1.3 (/opt/ros/humble/share/rosidl_generator_cpp/cmake)
[0.210s] -- Using all available rosidl_typesupport_c: rosidl_typesupport_fastrtps_c;rosidl_typesupport_introspection_c
[0.224s] -- Using all available rosidl_typesupport_cpp: rosidl_typesupport_fastrtps_cpp;rosidl_typesupport_introspection_cpp
[0.282s] -- Found rmw_implementation_cmake: 6.1.0 (/opt/ros/humble/share/rmw_implementation_cmake/cmake)
[0.284s] -- Found rmw_fastrtps_cpp: 6.2.1 (/opt/ros/humble/share/rmw_fastrtps_cpp/cmake)
[0.387s] -- Using RMW implementation 'rmw_fastrtps_cpp' as default
[0.540s] -- Found sensor_msgs: 4.2.2 (/opt/ros/humble/share/sensor_msgs/cmake)
[0.728s] -- Configuring done
[0.978s] -- Generating done
[0.984s] -- Build files have been written to: /home/omer/Desktop/deneme_ws/build/sbus
[1.011s] [35m[1mConsolidate compiler generated dependencies of target sbus_node[0m
[1.031s] [ 50%] [32mBuilding CXX object CMakeFiles/sbus_node.dir/src/sbus.cpp.o[0m
[1.094s] [01m[K/home/omer/Desktop/deneme_ws/src/sbus/src/sbus.cpp:1:10:[m[K [01;31m[Kfatal error: [m[Kinclude/sbus.h: No such file or directory
[1.094s]     1 | #include [01;31m[K"include/sbus.h"[m[K
[1.094s]       |          [01;31m[K^~~~~~~~~~~~~~~~[m[K
[1.095s] compilation terminated.
[1.097s] gmake[2]: *** [CMakeFiles/sbus_node.dir/build.make:76: CMakeFiles/sbus_node.dir/src/sbus.cpp.o] Error 1
[1.097s] gmake[1]: *** [CMakeFiles/Makefile2:137: CMakeFiles/sbus_node.dir/all] Error 2
[1.098s] gmake: *** [Makefile:146: all] Error 2
[1.100s] Invoked command in '/home/omer/Desktop/deneme_ws/build/sbus' returned '2': CMAKE_PREFIX_PATH=${CMAKE_PREFIX_PATH}:/opt/ros/humble /usr/bin/cmake --build /home/omer/Desktop/deneme_ws/build/sbus -- -j8 -l8
