[0.159s] Invoking command in '/home/omer/Desktop/deneme_ws/build/sbus': CMAKE_PREFIX_PATH=${CMAKE_PREFIX_PATH}:/opt/ros/humble /usr/bin/cmake --build /home/omer/Desktop/deneme_ws/build/sbus -- -j8 -l8
[0.652s] -- Found ament_cmake: 1.3.2 (/opt/ros/humble/share/ament_cmake/cmake)
[1.221s] -- Found rclcpp: 16.0.1 (/opt/ros/humble/share/rclcpp/cmake)
[1.433s] -- Found rosidl_generator_c: 3.1.3 (/opt/ros/humble/share/rosidl_generator_c/cmake)
[1.437s] -- Found rosidl_adapter: 3.1.3 (/opt/ros/humble/share/rosidl_adapter/cmake)
[1.459s] -- Found rosidl_generator_cpp: 3.1.3 (/opt/ros/humble/share/rosidl_generator_cpp/cmake)
[1.516s] -- Using all available rosidl_typesupport_c: rosidl_typesupport_fastrtps_c;rosidl_typesupport_introspection_c
[1.579s] -- Using all available rosidl_typesupport_cpp: rosidl_typesupport_fastrtps_cpp;rosidl_typesupport_introspection_cpp
[1.699s] -- Found rmw_implementation_cmake: 6.1.0 (/opt/ros/humble/share/rmw_implementation_cmake/cmake)
[1.717s] -- Found rmw_fastrtps_cpp: 6.2.1 (/opt/ros/humble/share/rmw_fastrtps_cpp/cmake)
[2.071s] -- Using RMW implementation 'rmw_fastrtps_cpp' as default
[2.311s] -- Found sensor_msgs: 4.2.2 (/opt/ros/humble/share/sensor_msgs/cmake)
[2.568s] -- Configuring done
[2.707s] -- Generating done
[2.711s] -- Build files have been written to: /home/omer/Desktop/deneme_ws/build/sbus
[2.760s] [35m[1mConsolidate compiler generated dependencies of target sbus_node[0m
[2.785s] [ 50%] [32mBuilding CXX object CMakeFiles/sbus_node.dir/src/sbus_node.cpp.o[0m
[12.817s] [100%] [32m[1mLinking CXX executable sbus_node[0m
[14.327s] /usr/bin/ld: CMakeFiles/sbus_node.dir/src/sbus_node.cpp.o: in function `main':
[14.327s] sbus_node.cpp:(.text+0xa0): undefined reference to `SBUS::SBusSerialPort::connectSerialPort()'
[14.328s] /usr/bin/ld: CMakeFiles/sbus_node.dir/src/sbus_node.cpp.o: in function `sbus_node::sendSbusMsg()':
[14.328s] sbus_node.cpp:(.text._ZN9sbus_node11sendSbusMsgEv[_ZN9sbus_node11sendSbusMsgEv]+0x43): undefined reference to `SBUS::SBusSerialPort::transmitSerialSBusMessage(int*) const'
[14.368s] collect2: error: ld returned 1 exit status
[14.369s] gmake[2]: *** [CMakeFiles/sbus_node.dir/build.make:175: sbus_node] Error 1
[14.370s] gmake[1]: *** [CMakeFiles/Makefile2:137: CMakeFiles/sbus_node.dir/all] Error 2
[14.370s] gmake: *** [Makefile:146: all] Error 2
[14.372s] Invoked command in '/home/omer/Desktop/deneme_ws/build/sbus' returned '2': CMAKE_PREFIX_PATH=${CMAKE_PREFIX_PATH}:/opt/ros/humble /usr/bin/cmake --build /home/omer/Desktop/deneme_ws/build/sbus -- -j8 -l8
