[01m[K/home/omer/Desktop/deneme_ws/src/sbus/src/sbus.cpp:[m[K In constructor â€˜[01m[Ksbus_node::sbus_node()[m[Kâ€™:
[01m[K/home/omer/Desktop/deneme_ws/src/sbus/src/sbus.cpp:187:20:[m[K [01;31m[Kerror: [m[Kreturning a value from a constructor
  187 |             return [01;31m[K-1[m[K;
      |                    [01;31m[K^~[m[K
gmake[2]: *** [CMakeFiles/sbus_node.dir/build.make:76: CMakeFiles/sbus_node.dir/src/sbus.cpp.o] Error 1
gmake[1]: *** [CMakeFiles/Makefile2:137: CMakeFiles/sbus_node.dir/all] Error 2
gmake: *** [Makefile:146: all] Error 2
