[0.014s] Invoking command in '/home/omer/Desktop/deneme_ws/build/sbus': CMAKE_PREFIX_PATH=/opt/ros/humble /usr/bin/cmake --build /home/omer/Desktop/deneme_ws/build/sbus -- -j8 -l8
[0.044s] [35m[1mConsolidate compiler generated dependencies of target sbus_node[0m
[0.058s] [ 50%] [32mBuilding CXX object CMakeFiles/sbus_node.dir/src/sbus.cpp.o[0m
[2.508s] [01m[K/home/omer/Desktop/deneme_ws/src/sbus/src/sbus.cpp:[m[K In constructor â€˜[01m[Ksbus_node::sbus_node()[m[Kâ€™:
[2.508s] [01m[K/home/omer/Desktop/deneme_ws/src/sbus/src/sbus.cpp:189:9:[m[K [01;31m[Kerror: [m[Kexpected â€˜[01m[K;[m[Kâ€™ before â€˜[01m[Kpub_[m[Kâ€™
[2.508s]   189 |         [01;31m[Kpub_[m[K = this->create_subscription<sensor_msgs::msg::Joy>("joy", 10,
[2.508s]       |         [01;31m[K^~~~[m[K
[2.959s] gmake[2]: *** [CMakeFiles/sbus_node.dir/build.make:76: CMakeFiles/sbus_node.dir/src/sbus.cpp.o] Error 1
[2.959s] gmake[1]: *** [CMakeFiles/Makefile2:137: CMakeFiles/sbus_node.dir/all] Error 2
[2.960s] gmake: *** [Makefile:146: all] Error 2
[2.961s] Invoked command in '/home/omer/Desktop/deneme_ws/build/sbus' returned '2': CMAKE_PREFIX_PATH=/opt/ros/humble /usr/bin/cmake --build /home/omer/Desktop/deneme_ws/build/sbus -- -j8 -l8
