[0.014s] Invoking command in '/home/omer/Desktop/deneme_ws/build/sbus': CMAKE_PREFIX_PATH=${CMAKE_PREFIX_PATH}:/opt/ros/humble /usr/bin/cmake --build /home/omer/Desktop/deneme_ws/build/sbus -- -j8 -l8
[0.031s] -- Found ament_cmake: 1.3.2 (/opt/ros/humble/share/ament_cmake/cmake)
[0.158s] -- Found rclcpp: 16.0.1 (/opt/ros/humble/share/rclcpp/cmake)
[0.186s] -- Found rosidl_generator_c: 3.1.3 (/opt/ros/humble/share/rosidl_generator_c/cmake)
[0.188s] -- Found rosidl_adapter: 3.1.3 (/opt/ros/humble/share/rosidl_adapter/cmake)
[0.194s] -- Found rosidl_generator_cpp: 3.1.3 (/opt/ros/humble/share/rosidl_generator_cpp/cmake)
[0.204s] -- Using all available rosidl_typesupport_c: rosidl_typesupport_fastrtps_c;rosidl_typesupport_introspection_c
[0.218s] -- Using all available rosidl_typesupport_cpp: rosidl_typesupport_fastrtps_cpp;rosidl_typesupport_introspection_cpp
[0.275s] -- Found rmw_implementation_cmake: 6.1.0 (/opt/ros/humble/share/rmw_implementation_cmake/cmake)
[0.276s] -- Found rmw_fastrtps_cpp: 6.2.1 (/opt/ros/humble/share/rmw_fastrtps_cpp/cmake)
[0.377s] -- Using RMW implementation 'rmw_fastrtps_cpp' as default
[0.533s] -- Found sensor_msgs: 4.2.2 (/opt/ros/humble/share/sensor_msgs/cmake)
[0.713s] -- Configuring done
[0.721s] -- Generating done
[0.722s] -- Build files have been written to: /home/omer/Desktop/deneme_ws/build/sbus
[0.757s] [35m[1mConsolidate compiler generated dependencies of target sbus_node[0m
[0.771s] [ 50%] [32mBuilding CXX object CMakeFiles/sbus_node.dir/src/sbus_node.cpp.o[0m
[9.593s] [100%] [32m[1mLinking CXX executable sbus_node[0m
[9.932s] /usr/bin/ld: CMakeFiles/sbus_node.dir/src/sbus_node.cpp.o: in function `main':
[9.932s] sbus_node.cpp:(.text+0xa0): undefined reference to `SBUS::SBusSerialPort::connectSerialPort()'
[9.934s] /usr/bin/ld: CMakeFiles/sbus_node.dir/src/sbus_node.cpp.o: in function `sbus_node::sendSbusMsg()':
[9.934s] sbus_node.cpp:(.text._ZN9sbus_node11sendSbusMsgEv[_ZN9sbus_node11sendSbusMsgEv]+0x43): undefined reference to `SBUS::SBusSerialPort::transmitSerialSBusMessage(int*) const'
[9.976s] collect2: error: ld returned 1 exit status
[9.977s] gmake[2]: *** [CMakeFiles/sbus_node.dir/build.make:175: sbus_node] Error 1
[9.977s] gmake[1]: *** [CMakeFiles/Makefile2:137: CMakeFiles/sbus_node.dir/all] Error 2
[9.978s] gmake: *** [Makefile:146: all] Error 2
[9.979s] Invoked command in '/home/omer/Desktop/deneme_ws/build/sbus' returned '2': CMAKE_PREFIX_PATH=${CMAKE_PREFIX_PATH}:/opt/ros/humble /usr/bin/cmake --build /home/omer/Desktop/deneme_ws/build/sbus -- -j8 -l8
